The system is: Linux - 3.10.0-862.9.1.el7.x86_64 - x86_64
Compiling the CXX compiler identification source file "CMakeCXXCompilerId.cpp" succeeded.
Compiler: /uhome/home/lingege32/local/gcc-7.2.0/bin/c++ 
Build flags: 
Id flags:  

The output was:
0


Compilation of the CXX compiler identification source "CMakeCXXCompilerId.cpp" produced "a.out"

The CXX compiler identification is GNU, found in "/uhome/home/lingege32/course/parallelProgramming/final/build/CMakeFiles/3.12.2/CompilerIdCXX/a.out"

Determining if the CXX compiler works passed with the following output:
Change Dir: /uhome/home/lingege32/course/parallelProgramming/final/build/CMakeFiles/CMakeTmp

Run Build Command:"/usr/bin/gmake" "cmTC_eaa6e/fast"
/usr/bin/gmake -f CMakeFiles/cmTC_eaa6e.dir/build.make CMakeFiles/cmTC_eaa6e.dir/build
gmake[1]: Entering directory `/uhome/home/lingege32/course/parallelProgramming/final/build/CMakeFiles/CMakeTmp'
Building CXX object CMakeFiles/cmTC_eaa6e.dir/testCXXCompiler.cxx.o
/uhome/home/lingege32/local/gcc-7.2.0/bin/c++     -o CMakeFiles/cmTC_eaa6e.dir/testCXXCompiler.cxx.o -c /uhome/home/lingege32/course/parallelProgramming/final/build/CMakeFiles/CMakeTmp/testCXXCompiler.cxx
Linking CXX executable cmTC_eaa6e
/uhome/home/lingege32/local/cmake-3.12.2/bin/cmake -E cmake_link_script CMakeFiles/cmTC_eaa6e.dir/link.txt --verbose=1
/uhome/home/lingege32/local/gcc-7.2.0/bin/c++       -rdynamic CMakeFiles/cmTC_eaa6e.dir/testCXXCompiler.cxx.o  -o cmTC_eaa6e 
gmake[1]: Leaving directory `/uhome/home/lingege32/course/parallelProgramming/final/build/CMakeFiles/CMakeTmp'


Detecting CXX compiler ABI info compiled with the following output:
Change Dir: /uhome/home/lingege32/course/parallelProgramming/final/build/CMakeFiles/CMakeTmp

Run Build Command:"/usr/bin/gmake" "cmTC_6825f/fast"
/usr/bin/gmake -f CMakeFiles/cmTC_6825f.dir/build.make CMakeFiles/cmTC_6825f.dir/build
gmake[1]: Entering directory `/uhome/home/lingege32/course/parallelProgramming/final/build/CMakeFiles/CMakeTmp'
Building CXX object CMakeFiles/cmTC_6825f.dir/CMakeCXXCompilerABI.cpp.o
/uhome/home/lingege32/local/gcc-7.2.0/bin/c++     -o CMakeFiles/cmTC_6825f.dir/CMakeCXXCompilerABI.cpp.o -c /uhome/home/lingege32/local/cmake-3.12.2/share/cmake-3.12/Modules/CMakeCXXCompilerABI.cpp
Linking CXX executable cmTC_6825f
/uhome/home/lingege32/local/cmake-3.12.2/bin/cmake -E cmake_link_script CMakeFiles/cmTC_6825f.dir/link.txt --verbose=1
/uhome/home/lingege32/local/gcc-7.2.0/bin/c++      -v -rdynamic CMakeFiles/cmTC_6825f.dir/CMakeCXXCompilerABI.cpp.o  -o cmTC_6825f 
Using built-in specs.
COLLECT_GCC=/uhome/home/lingege32/local/gcc-7.2.0/bin/c++
COLLECT_LTO_WRAPPER=/uhome/home/lingege32/local/gcc-7.2.0/libexec/gcc/x86_64-pc-linux-gnu/7.2.0/lto-wrapper
Target: x86_64-pc-linux-gnu
Configured with: ../configure --disable-checking --enable-languages=c,c++ --disable-multilib --prefix=/uhome/home/lingege32/local/gcc-7.2.0 --enable-threads=posix
Thread model: posix
gcc version 7.2.0 (GCC) 
COMPILER_PATH=/uhome/home/lingege32/local/gcc-7.2.0/libexec/gcc/x86_64-pc-linux-gnu/7.2.0/:/uhome/home/lingege32/local/gcc-7.2.0/libexec/gcc/x86_64-pc-linux-gnu/7.2.0/:/uhome/home/lingege32/local/gcc-7.2.0/libexec/gcc/x86_64-pc-linux-gnu/:/uhome/home/lingege32/local/gcc-7.2.0/lib/gcc/x86_64-pc-linux-gnu/7.2.0/:/uhome/home/lingege32/local/gcc-7.2.0/lib/gcc/x86_64-pc-linux-gnu/
LIBRARY_PATH=/uhome/home/lingege32/local/gcc-7.2.0/lib/gcc/x86_64-pc-linux-gnu/7.2.0/:/uhome/home/lingege32/local/gcc-7.2.0/lib/gcc/x86_64-pc-linux-gnu/7.2.0/../../../../lib64/:/lib/../lib64/:/usr/lib/../lib64/:/uhome/home/lingege32/local/gurobi810/linux64/lib/:/uhome/home/lingege32/local/ncurses-6/lib/:/uhome/home/lingege32/local/LPsolver/Rehearse/lib/:/uhome/home/lingege32/local/gcc-7.2.0/lib/gcc/x86_64-pc-linux-gnu/7.2.0/../../../:/lib/:/usr/lib/
COLLECT_GCC_OPTIONS='-v' '-rdynamic' '-o' 'cmTC_6825f' '-shared-libgcc' '-mtune=generic' '-march=x86-64'
 /uhome/home/lingege32/local/gcc-7.2.0/libexec/gcc/x86_64-pc-linux-gnu/7.2.0/collect2 -plugin /uhome/home/lingege32/local/gcc-7.2.0/libexec/gcc/x86_64-pc-linux-gnu/7.2.0/liblto_plugin.so -plugin-opt=/uhome/home/lingege32/local/gcc-7.2.0/libexec/gcc/x86_64-pc-linux-gnu/7.2.0/lto-wrapper -plugin-opt=-fresolution=/tmp/ccZ8wiWy.res -plugin-opt=-pass-through=-lgcc_s -plugin-opt=-pass-through=-lgcc -plugin-opt=-pass-through=-lc -plugin-opt=-pass-through=-lgcc_s -plugin-opt=-pass-through=-lgcc --eh-frame-hdr -m elf_x86_64 -export-dynamic -dynamic-linker /lib64/ld-linux-x86-64.so.2 -o cmTC_6825f /lib/../lib64/crt1.o /lib/../lib64/crti.o /uhome/home/lingege32/local/gcc-7.2.0/lib/gcc/x86_64-pc-linux-gnu/7.2.0/crtbegin.o -L/uhome/home/lingege32/local/gcc-7.2.0/lib/gcc/x86_64-pc-linux-gnu/7.2.0 -L/uhome/home/lingege32/local/gcc-7.2.0/lib/gcc/x86_64-pc-linux-gnu/7.2.0/../../../../lib64 -L/lib/../lib64 -L/usr/lib/../lib64 -L/uhome/home/lingege32/local/gurobi810/linux64/lib -L/uhome/home/lingege32/local/ncurses-6/lib -L/uhome/home/lingege32/local/LPsolver/Rehearse/lib -L/uhome/home/lingege32/local/gcc-7.2.0/lib/gcc/x86_64-pc-linux-gnu/7.2.0/../../.. CMakeFiles/cmTC_6825f.dir/CMakeCXXCompilerABI.cpp.o -lstdc++ -lm -lgcc_s -lgcc -lc -lgcc_s -lgcc /uhome/home/lingege32/local/gcc-7.2.0/lib/gcc/x86_64-pc-linux-gnu/7.2.0/crtend.o /lib/../lib64/crtn.o
COLLECT_GCC_OPTIONS='-v' '-rdynamic' '-o' 'cmTC_6825f' '-shared-libgcc' '-mtune=generic' '-march=x86-64'
gmake[1]: Leaving directory `/uhome/home/lingege32/course/parallelProgramming/final/build/CMakeFiles/CMakeTmp'


Parsed CXX implicit link information from above output:
  link line regex: [^( *|.*[/\])(ld|CMAKE_LINK_STARTFILE-NOTFOUND|([^/\]+-)?ld|collect2)[^/\]*( |$)]
  ignore line: [Change Dir: /uhome/home/lingege32/course/parallelProgramming/final/build/CMakeFiles/CMakeTmp]
  ignore line: []
  ignore line: [Run Build Command:"/usr/bin/gmake" "cmTC_6825f/fast"]
  ignore line: [/usr/bin/gmake -f CMakeFiles/cmTC_6825f.dir/build.make CMakeFiles/cmTC_6825f.dir/build]
  ignore line: [gmake[1]: Entering directory `/uhome/home/lingege32/course/parallelProgramming/final/build/CMakeFiles/CMakeTmp']
  ignore line: [Building CXX object CMakeFiles/cmTC_6825f.dir/CMakeCXXCompilerABI.cpp.o]
  ignore line: [/uhome/home/lingege32/local/gcc-7.2.0/bin/c++     -o CMakeFiles/cmTC_6825f.dir/CMakeCXXCompilerABI.cpp.o -c /uhome/home/lingege32/local/cmake-3.12.2/share/cmake-3.12/Modules/CMakeCXXCompilerABI.cpp]
  ignore line: [Linking CXX executable cmTC_6825f]
  ignore line: [/uhome/home/lingege32/local/cmake-3.12.2/bin/cmake -E cmake_link_script CMakeFiles/cmTC_6825f.dir/link.txt --verbose=1]
  ignore line: [/uhome/home/lingege32/local/gcc-7.2.0/bin/c++      -v -rdynamic CMakeFiles/cmTC_6825f.dir/CMakeCXXCompilerABI.cpp.o  -o cmTC_6825f ]
  ignore line: [Using built-in specs.]
  ignore line: [COLLECT_GCC=/uhome/home/lingege32/local/gcc-7.2.0/bin/c++]
  ignore line: [COLLECT_LTO_WRAPPER=/uhome/home/lingege32/local/gcc-7.2.0/libexec/gcc/x86_64-pc-linux-gnu/7.2.0/lto-wrapper]
  ignore line: [Target: x86_64-pc-linux-gnu]
  ignore line: [Configured with: ../configure --disable-checking --enable-languages=c,c++ --disable-multilib --prefix=/uhome/home/lingege32/local/gcc-7.2.0 --enable-threads=posix]
  ignore line: [Thread model: posix]
  ignore line: [gcc version 7.2.0 (GCC) ]
  ignore line: [COMPILER_PATH=/uhome/home/lingege32/local/gcc-7.2.0/libexec/gcc/x86_64-pc-linux-gnu/7.2.0/:/uhome/home/lingege32/local/gcc-7.2.0/libexec/gcc/x86_64-pc-linux-gnu/7.2.0/:/uhome/home/lingege32/local/gcc-7.2.0/libexec/gcc/x86_64-pc-linux-gnu/:/uhome/home/lingege32/local/gcc-7.2.0/lib/gcc/x86_64-pc-linux-gnu/7.2.0/:/uhome/home/lingege32/local/gcc-7.2.0/lib/gcc/x86_64-pc-linux-gnu/]
  ignore line: [LIBRARY_PATH=/uhome/home/lingege32/local/gcc-7.2.0/lib/gcc/x86_64-pc-linux-gnu/7.2.0/:/uhome/home/lingege32/local/gcc-7.2.0/lib/gcc/x86_64-pc-linux-gnu/7.2.0/../../../../lib64/:/lib/../lib64/:/usr/lib/../lib64/:/uhome/home/lingege32/local/gurobi810/linux64/lib/:/uhome/home/lingege32/local/ncurses-6/lib/:/uhome/home/lingege32/local/LPsolver/Rehearse/lib/:/uhome/home/lingege32/local/gcc-7.2.0/lib/gcc/x86_64-pc-linux-gnu/7.2.0/../../../:/lib/:/usr/lib/]
  ignore line: [COLLECT_GCC_OPTIONS='-v' '-rdynamic' '-o' 'cmTC_6825f' '-shared-libgcc' '-mtune=generic' '-march=x86-64']
  link line: [ /uhome/home/lingege32/local/gcc-7.2.0/libexec/gcc/x86_64-pc-linux-gnu/7.2.0/collect2 -plugin /uhome/home/lingege32/local/gcc-7.2.0/libexec/gcc/x86_64-pc-linux-gnu/7.2.0/liblto_plugin.so -plugin-opt=/uhome/home/lingege32/local/gcc-7.2.0/libexec/gcc/x86_64-pc-linux-gnu/7.2.0/lto-wrapper -plugin-opt=-fresolution=/tmp/ccZ8wiWy.res -plugin-opt=-pass-through=-lgcc_s -plugin-opt=-pass-through=-lgcc -plugin-opt=-pass-through=-lc -plugin-opt=-pass-through=-lgcc_s -plugin-opt=-pass-through=-lgcc --eh-frame-hdr -m elf_x86_64 -export-dynamic -dynamic-linker /lib64/ld-linux-x86-64.so.2 -o cmTC_6825f /lib/../lib64/crt1.o /lib/../lib64/crti.o /uhome/home/lingege32/local/gcc-7.2.0/lib/gcc/x86_64-pc-linux-gnu/7.2.0/crtbegin.o -L/uhome/home/lingege32/local/gcc-7.2.0/lib/gcc/x86_64-pc-linux-gnu/7.2.0 -L/uhome/home/lingege32/local/gcc-7.2.0/lib/gcc/x86_64-pc-linux-gnu/7.2.0/../../../../lib64 -L/lib/../lib64 -L/usr/lib/../lib64 -L/uhome/home/lingege32/local/gurobi810/linux64/lib -L/uhome/home/lingege32/local/ncurses-6/lib -L/uhome/home/lingege32/local/LPsolver/Rehearse/lib -L/uhome/home/lingege32/local/gcc-7.2.0/lib/gcc/x86_64-pc-linux-gnu/7.2.0/../../.. CMakeFiles/cmTC_6825f.dir/CMakeCXXCompilerABI.cpp.o -lstdc++ -lm -lgcc_s -lgcc -lc -lgcc_s -lgcc /uhome/home/lingege32/local/gcc-7.2.0/lib/gcc/x86_64-pc-linux-gnu/7.2.0/crtend.o /lib/../lib64/crtn.o]
    arg [/uhome/home/lingege32/local/gcc-7.2.0/libexec/gcc/x86_64-pc-linux-gnu/7.2.0/collect2] ==> ignore
    arg [-plugin] ==> ignore
    arg [/uhome/home/lingege32/local/gcc-7.2.0/libexec/gcc/x86_64-pc-linux-gnu/7.2.0/liblto_plugin.so] ==> ignore
    arg [-plugin-opt=/uhome/home/lingege32/local/gcc-7.2.0/libexec/gcc/x86_64-pc-linux-gnu/7.2.0/lto-wrapper] ==> ignore
    arg [-plugin-opt=-fresolution=/tmp/ccZ8wiWy.res] ==> ignore
    arg [-plugin-opt=-pass-through=-lgcc_s] ==> ignore
    arg [-plugin-opt=-pass-through=-lgcc] ==> ignore
    arg [-plugin-opt=-pass-through=-lc] ==> ignore
    arg [-plugin-opt=-pass-through=-lgcc_s] ==> ignore
    arg [-plugin-opt=-pass-through=-lgcc] ==> ignore
    arg [--eh-frame-hdr] ==> ignore
    arg [-m] ==> ignore
    arg [elf_x86_64] ==> ignore
    arg [-export-dynamic] ==> ignore
    arg [-dynamic-linker] ==> ignore
    arg [/lib64/ld-linux-x86-64.so.2] ==> ignore
    arg [-o] ==> ignore
    arg [cmTC_6825f] ==> ignore
    arg [/lib/../lib64/crt1.o] ==> ignore
    arg [/lib/../lib64/crti.o] ==> ignore
    arg [/uhome/home/lingege32/local/gcc-7.2.0/lib/gcc/x86_64-pc-linux-gnu/7.2.0/crtbegin.o] ==> ignore
    arg [-L/uhome/home/lingege32/local/gcc-7.2.0/lib/gcc/x86_64-pc-linux-gnu/7.2.0] ==> dir [/uhome/home/lingege32/local/gcc-7.2.0/lib/gcc/x86_64-pc-linux-gnu/7.2.0]
    arg [-L/uhome/home/lingege32/local/gcc-7.2.0/lib/gcc/x86_64-pc-linux-gnu/7.2.0/../../../../lib64] ==> dir [/uhome/home/lingege32/local/gcc-7.2.0/lib/gcc/x86_64-pc-linux-gnu/7.2.0/../../../../lib64]
    arg [-L/lib/../lib64] ==> dir [/lib/../lib64]
    arg [-L/usr/lib/../lib64] ==> dir [/usr/lib/../lib64]
    arg [-L/uhome/home/lingege32/local/gurobi810/linux64/lib] ==> dir [/uhome/home/lingege32/local/gurobi810/linux64/lib]
    arg [-L/uhome/home/lingege32/local/ncurses-6/lib] ==> dir [/uhome/home/lingege32/local/ncurses-6/lib]
    arg [-L/uhome/home/lingege32/local/LPsolver/Rehearse/lib] ==> dir [/uhome/home/lingege32/local/LPsolver/Rehearse/lib]
    arg [-L/uhome/home/lingege32/local/gcc-7.2.0/lib/gcc/x86_64-pc-linux-gnu/7.2.0/../../..] ==> dir [/uhome/home/lingege32/local/gcc-7.2.0/lib/gcc/x86_64-pc-linux-gnu/7.2.0/../../..]
    arg [CMakeFiles/cmTC_6825f.dir/CMakeCXXCompilerABI.cpp.o] ==> ignore
    arg [-lstdc++] ==> lib [stdc++]
    arg [-lm] ==> lib [m]
    arg [-lgcc_s] ==> lib [gcc_s]
    arg [-lgcc] ==> lib [gcc]
    arg [-lc] ==> lib [c]
    arg [-lgcc_s] ==> lib [gcc_s]
    arg [-lgcc] ==> lib [gcc]
    arg [/uhome/home/lingege32/local/gcc-7.2.0/lib/gcc/x86_64-pc-linux-gnu/7.2.0/crtend.o] ==> ignore
    arg [/lib/../lib64/crtn.o] ==> ignore
  collapse library dir [/uhome/home/lingege32/local/gcc-7.2.0/lib/gcc/x86_64-pc-linux-gnu/7.2.0] ==> [/uhome/home/lingege32/local/gcc-7.2.0/lib/gcc/x86_64-pc-linux-gnu/7.2.0]
  collapse library dir [/uhome/home/lingege32/local/gcc-7.2.0/lib/gcc/x86_64-pc-linux-gnu/7.2.0/../../../../lib64] ==> [/uhome/home/lingege32/local/gcc-7.2.0/lib64]
  collapse library dir [/lib/../lib64] ==> [/lib64]
  collapse library dir [/usr/lib/../lib64] ==> [/usr/lib64]
  collapse library dir [/uhome/home/lingege32/local/gurobi810/linux64/lib] ==> [/uhome/home/lingege32/local/gurobi810/linux64/lib]
  collapse library dir [/uhome/home/lingege32/local/ncurses-6/lib] ==> [/uhome/home/lingege32/local/ncurses-6/lib]
  collapse library dir [/uhome/home/lingege32/local/LPsolver/Rehearse/lib] ==> [/uhome/home/lingege32/local/LPsolver/Rehearse/lib]
  collapse library dir [/uhome/home/lingege32/local/gcc-7.2.0/lib/gcc/x86_64-pc-linux-gnu/7.2.0/../../..] ==> [/uhome/home/lingege32/local/gcc-7.2.0/lib]
  implicit libs: [stdc++;m;gcc_s;gcc;c;gcc_s;gcc]
  implicit dirs: [/uhome/home/lingege32/local/gcc-7.2.0/lib/gcc/x86_64-pc-linux-gnu/7.2.0;/uhome/home/lingege32/local/gcc-7.2.0/lib64;/lib64;/usr/lib64;/uhome/home/lingege32/local/gurobi810/linux64/lib;/uhome/home/lingege32/local/ncurses-6/lib;/uhome/home/lingege32/local/LPsolver/Rehearse/lib;/uhome/home/lingege32/local/gcc-7.2.0/lib]
  implicit fwks: []




Detecting CXX [-std=c++1z] compiler features compiled with the following output:
Change Dir: /uhome/home/lingege32/course/parallelProgramming/final/build/CMakeFiles/CMakeTmp

Run Build Command:"/usr/bin/gmake" "cmTC_0d298/fast"
/usr/bin/gmake -f CMakeFiles/cmTC_0d298.dir/build.make CMakeFiles/cmTC_0d298.dir/build
gmake[1]: Entering directory `/uhome/home/lingege32/course/parallelProgramming/final/build/CMakeFiles/CMakeTmp'
Building CXX object CMakeFiles/cmTC_0d298.dir/feature_tests.cxx.o
/uhome/home/lingege32/local/gcc-7.2.0/bin/c++    -std=c++1z -o CMakeFiles/cmTC_0d298.dir/feature_tests.cxx.o -c /uhome/home/lingege32/course/parallelProgramming/final/build/CMakeFiles/feature_tests.cxx
Linking CXX executable cmTC_0d298
/uhome/home/lingege32/local/cmake-3.12.2/bin/cmake -E cmake_link_script CMakeFiles/cmTC_0d298.dir/link.txt --verbose=1
/uhome/home/lingege32/local/gcc-7.2.0/bin/c++       -rdynamic CMakeFiles/cmTC_0d298.dir/feature_tests.cxx.o  -o cmTC_0d298 
gmake[1]: Leaving directory `/uhome/home/lingege32/course/parallelProgramming/final/build/CMakeFiles/CMakeTmp'


    Feature record: CXX_FEATURE:1cxx_aggregate_default_initializers
    Feature record: CXX_FEATURE:1cxx_alias_templates
    Feature record: CXX_FEATURE:1cxx_alignas
    Feature record: CXX_FEATURE:1cxx_alignof
    Feature record: CXX_FEATURE:1cxx_attributes
    Feature record: CXX_FEATURE:1cxx_attribute_deprecated
    Feature record: CXX_FEATURE:1cxx_auto_type
    Feature record: CXX_FEATURE:1cxx_binary_literals
    Feature record: CXX_FEATURE:1cxx_constexpr
    Feature record: CXX_FEATURE:1cxx_contextual_conversions
    Feature record: CXX_FEATURE:1cxx_decltype
    Feature record: CXX_FEATURE:1cxx_decltype_auto
    Feature record: CXX_FEATURE:1cxx_decltype_incomplete_return_types
    Feature record: CXX_FEATURE:1cxx_default_function_template_args
    Feature record: CXX_FEATURE:1cxx_defaulted_functions
    Feature record: CXX_FEATURE:1cxx_defaulted_move_initializers
    Feature record: CXX_FEATURE:1cxx_delegating_constructors
    Feature record: CXX_FEATURE:1cxx_deleted_functions
    Feature record: CXX_FEATURE:1cxx_digit_separators
    Feature record: CXX_FEATURE:1cxx_enum_forward_declarations
    Feature record: CXX_FEATURE:1cxx_explicit_conversions
    Feature record: CXX_FEATURE:1cxx_extended_friend_declarations
    Feature record: CXX_FEATURE:1cxx_extern_templates
    Feature record: CXX_FEATURE:1cxx_final
    Feature record: CXX_FEATURE:1cxx_func_identifier
    Feature record: CXX_FEATURE:1cxx_generalized_initializers
    Feature record: CXX_FEATURE:1cxx_generic_lambdas
    Feature record: CXX_FEATURE:1cxx_inheriting_constructors
    Feature record: CXX_FEATURE:1cxx_inline_namespaces
    Feature record: CXX_FEATURE:1cxx_lambdas
    Feature record: CXX_FEATURE:1cxx_lambda_init_captures
    Feature record: CXX_FEATURE:1cxx_local_type_template_args
    Feature record: CXX_FEATURE:1cxx_long_long_type
    Feature record: CXX_FEATURE:1cxx_noexcept
    Feature record: CXX_FEATURE:1cxx_nonstatic_member_init
    Feature record: CXX_FEATURE:1cxx_nullptr
    Feature record: CXX_FEATURE:1cxx_override
    Feature record: CXX_FEATURE:1cxx_range_for
    Feature record: CXX_FEATURE:1cxx_raw_string_literals
    Feature record: CXX_FEATURE:1cxx_reference_qualified_functions
    Feature record: CXX_FEATURE:1cxx_relaxed_constexpr
    Feature record: CXX_FEATURE:1cxx_return_type_deduction
    Feature record: CXX_FEATURE:1cxx_right_angle_brackets
    Feature record: CXX_FEATURE:1cxx_rvalue_references
    Feature record: CXX_FEATURE:1cxx_sizeof_member
    Feature record: CXX_FEATURE:1cxx_static_assert
    Feature record: CXX_FEATURE:1cxx_strong_enums
    Feature record: CXX_FEATURE:1cxx_template_template_parameters
    Feature record: CXX_FEATURE:1cxx_thread_local
    Feature record: CXX_FEATURE:1cxx_trailing_return_types
    Feature record: CXX_FEATURE:1cxx_unicode_literals
    Feature record: CXX_FEATURE:1cxx_uniform_initialization
    Feature record: CXX_FEATURE:1cxx_unrestricted_unions
    Feature record: CXX_FEATURE:1cxx_user_literals
    Feature record: CXX_FEATURE:1cxx_variable_templates
    Feature record: CXX_FEATURE:1cxx_variadic_macros
    Feature record: CXX_FEATURE:1cxx_variadic_templates


Detecting CXX [-std=c++14] compiler features compiled with the following output:
Change Dir: /uhome/home/lingege32/course/parallelProgramming/final/build/CMakeFiles/CMakeTmp

Run Build Command:"/usr/bin/gmake" "cmTC_ba790/fast"
/usr/bin/gmake -f CMakeFiles/cmTC_ba790.dir/build.make CMakeFiles/cmTC_ba790.dir/build
gmake[1]: Entering directory `/uhome/home/lingege32/course/parallelProgramming/final/build/CMakeFiles/CMakeTmp'
Building CXX object CMakeFiles/cmTC_ba790.dir/feature_tests.cxx.o
/uhome/home/lingege32/local/gcc-7.2.0/bin/c++    -std=c++14 -o CMakeFiles/cmTC_ba790.dir/feature_tests.cxx.o -c /uhome/home/lingege32/course/parallelProgramming/final/build/CMakeFiles/feature_tests.cxx
Linking CXX executable cmTC_ba790
/uhome/home/lingege32/local/cmake-3.12.2/bin/cmake -E cmake_link_script CMakeFiles/cmTC_ba790.dir/link.txt --verbose=1
/uhome/home/lingege32/local/gcc-7.2.0/bin/c++       -rdynamic CMakeFiles/cmTC_ba790.dir/feature_tests.cxx.o  -o cmTC_ba790 
gmake[1]: Leaving directory `/uhome/home/lingege32/course/parallelProgramming/final/build/CMakeFiles/CMakeTmp'


    Feature record: CXX_FEATURE:1cxx_aggregate_default_initializers
    Feature record: CXX_FEATURE:1cxx_alias_templates
    Feature record: CXX_FEATURE:1cxx_alignas
    Feature record: CXX_FEATURE:1cxx_alignof
    Feature record: CXX_FEATURE:1cxx_attributes
    Feature record: CXX_FEATURE:1cxx_attribute_deprecated
    Feature record: CXX_FEATURE:1cxx_auto_type
    Feature record: CXX_FEATURE:1cxx_binary_literals
    Feature record: CXX_FEATURE:1cxx_constexpr
    Feature record: CXX_FEATURE:1cxx_contextual_conversions
    Feature record: CXX_FEATURE:1cxx_decltype
    Feature record: CXX_FEATURE:1cxx_decltype_auto
    Feature record: CXX_FEATURE:1cxx_decltype_incomplete_return_types
    Feature record: CXX_FEATURE:1cxx_default_function_template_args
    Feature record: CXX_FEATURE:1cxx_defaulted_functions
    Feature record: CXX_FEATURE:1cxx_defaulted_move_initializers
    Feature record: CXX_FEATURE:1cxx_delegating_constructors
    Feature record: CXX_FEATURE:1cxx_deleted_functions
    Feature record: CXX_FEATURE:1cxx_digit_separators
    Feature record: CXX_FEATURE:1cxx_enum_forward_declarations
    Feature record: CXX_FEATURE:1cxx_explicit_conversions
    Feature record: CXX_FEATURE:1cxx_extended_friend_declarations
    Feature record: CXX_FEATURE:1cxx_extern_templates
    Feature record: CXX_FEATURE:1cxx_final
    Feature record: CXX_FEATURE:1cxx_func_identifier
    Feature record: CXX_FEATURE:1cxx_generalized_initializers
    Feature record: CXX_FEATURE:1cxx_generic_lambdas
    Feature record: CXX_FEATURE:1cxx_inheriting_constructors
    Feature record: CXX_FEATURE:1cxx_inline_namespaces
    Feature record: CXX_FEATURE:1cxx_lambdas
    Feature record: CXX_FEATURE:1cxx_lambda_init_captures
    Feature record: CXX_FEATURE:1cxx_local_type_template_args
    Feature record: CXX_FEATURE:1cxx_long_long_type
    Feature record: CXX_FEATURE:1cxx_noexcept
    Feature record: CXX_FEATURE:1cxx_nonstatic_member_init
    Feature record: CXX_FEATURE:1cxx_nullptr
    Feature record: CXX_FEATURE:1cxx_override
    Feature record: CXX_FEATURE:1cxx_range_for
    Feature record: CXX_FEATURE:1cxx_raw_string_literals
    Feature record: CXX_FEATURE:1cxx_reference_qualified_functions
    Feature record: CXX_FEATURE:1cxx_relaxed_constexpr
    Feature record: CXX_FEATURE:1cxx_return_type_deduction
    Feature record: CXX_FEATURE:1cxx_right_angle_brackets
    Feature record: CXX_FEATURE:1cxx_rvalue_references
    Feature record: CXX_FEATURE:1cxx_sizeof_member
    Feature record: CXX_FEATURE:1cxx_static_assert
    Feature record: CXX_FEATURE:1cxx_strong_enums
    Feature record: CXX_FEATURE:1cxx_template_template_parameters
    Feature record: CXX_FEATURE:1cxx_thread_local
    Feature record: CXX_FEATURE:1cxx_trailing_return_types
    Feature record: CXX_FEATURE:1cxx_unicode_literals
    Feature record: CXX_FEATURE:1cxx_uniform_initialization
    Feature record: CXX_FEATURE:1cxx_unrestricted_unions
    Feature record: CXX_FEATURE:1cxx_user_literals
    Feature record: CXX_FEATURE:1cxx_variable_templates
    Feature record: CXX_FEATURE:1cxx_variadic_macros
    Feature record: CXX_FEATURE:1cxx_variadic_templates


Detecting CXX [-std=c++11] compiler features compiled with the following output:
Change Dir: /uhome/home/lingege32/course/parallelProgramming/final/build/CMakeFiles/CMakeTmp

Run Build Command:"/usr/bin/gmake" "cmTC_bd9f7/fast"
/usr/bin/gmake -f CMakeFiles/cmTC_bd9f7.dir/build.make CMakeFiles/cmTC_bd9f7.dir/build
gmake[1]: Entering directory `/uhome/home/lingege32/course/parallelProgramming/final/build/CMakeFiles/CMakeTmp'
Building CXX object CMakeFiles/cmTC_bd9f7.dir/feature_tests.cxx.o
/uhome/home/lingege32/local/gcc-7.2.0/bin/c++    -std=c++11 -o CMakeFiles/cmTC_bd9f7.dir/feature_tests.cxx.o -c /uhome/home/lingege32/course/parallelProgramming/final/build/CMakeFiles/feature_tests.cxx
Linking CXX executable cmTC_bd9f7
/uhome/home/lingege32/local/cmake-3.12.2/bin/cmake -E cmake_link_script CMakeFiles/cmTC_bd9f7.dir/link.txt --verbose=1
/uhome/home/lingege32/local/gcc-7.2.0/bin/c++       -rdynamic CMakeFiles/cmTC_bd9f7.dir/feature_tests.cxx.o  -o cmTC_bd9f7 
gmake[1]: Leaving directory `/uhome/home/lingege32/course/parallelProgramming/final/build/CMakeFiles/CMakeTmp'


    Feature record: CXX_FEATURE:0cxx_aggregate_default_initializers
    Feature record: CXX_FEATURE:1cxx_alias_templates
    Feature record: CXX_FEATURE:1cxx_alignas
    Feature record: CXX_FEATURE:1cxx_alignof
    Feature record: CXX_FEATURE:1cxx_attributes
    Feature record: CXX_FEATURE:0cxx_attribute_deprecated
    Feature record: CXX_FEATURE:1cxx_auto_type
    Feature record: CXX_FEATURE:0cxx_binary_literals
    Feature record: CXX_FEATURE:1cxx_constexpr
    Feature record: CXX_FEATURE:0cxx_contextual_conversions
    Feature record: CXX_FEATURE:1cxx_decltype
    Feature record: CXX_FEATURE:0cxx_decltype_auto
    Feature record: CXX_FEATURE:1cxx_decltype_incomplete_return_types
    Feature record: CXX_FEATURE:1cxx_default_function_template_args
    Feature record: CXX_FEATURE:1cxx_defaulted_functions
    Feature record: CXX_FEATURE:1cxx_defaulted_move_initializers
    Feature record: CXX_FEATURE:1cxx_delegating_constructors
    Feature record: CXX_FEATURE:1cxx_deleted_functions
    Feature record: CXX_FEATURE:0cxx_digit_separators
    Feature record: CXX_FEATURE:1cxx_enum_forward_declarations
    Feature record: CXX_FEATURE:1cxx_explicit_conversions
    Feature record: CXX_FEATURE:1cxx_extended_friend_declarations
    Feature record: CXX_FEATURE:1cxx_extern_templates
    Feature record: CXX_FEATURE:1cxx_final
    Feature record: CXX_FEATURE:1cxx_func_identifier
    Feature record: CXX_FEATURE:1cxx_generalized_initializers
    Feature record: CXX_FEATURE:0cxx_generic_lambdas
    Feature record: CXX_FEATURE:1cxx_inheriting_constructors
    Feature record: CXX_FEATURE:1cxx_inline_namespaces
    Feature record: CXX_FEATURE:1cxx_lambdas
    Feature record: CXX_FEATURE:0cxx_lambda_init_captures
    Feature record: CXX_FEATURE:1cxx_local_type_template_args
    Feature record: CXX_FEATURE:1cxx_long_long_type
    Feature record: CXX_FEATURE:1cxx_noexcept
    Feature record: CXX_FEATURE:1cxx_nonstatic_member_init
    Feature record: CXX_FEATURE:1cxx_nullptr
    Feature record: CXX_FEATURE:1cxx_override
    Feature record: CXX_FEATURE:1cxx_range_for
    Feature record: CXX_FEATURE:1cxx_raw_string_literals
    Feature record: CXX_FEATURE:1cxx_reference_qualified_functions
    Feature record: CXX_FEATURE:0cxx_relaxed_constexpr
    Feature record: CXX_FEATURE:0cxx_return_type_deduction
    Feature record: CXX_FEATURE:1cxx_right_angle_brackets
    Feature record: CXX_FEATURE:1cxx_rvalue_references
    Feature record: CXX_FEATURE:1cxx_sizeof_member
    Feature record: CXX_FEATURE:1cxx_static_assert
    Feature record: CXX_FEATURE:1cxx_strong_enums
    Feature record: CXX_FEATURE:1cxx_template_template_parameters
    Feature record: CXX_FEATURE:1cxx_thread_local
    Feature record: CXX_FEATURE:1cxx_trailing_return_types
    Feature record: CXX_FEATURE:1cxx_unicode_literals
    Feature record: CXX_FEATURE:1cxx_uniform_initialization
    Feature record: CXX_FEATURE:1cxx_unrestricted_unions
    Feature record: CXX_FEATURE:1cxx_user_literals
    Feature record: CXX_FEATURE:0cxx_variable_templates
    Feature record: CXX_FEATURE:1cxx_variadic_macros
    Feature record: CXX_FEATURE:1cxx_variadic_templates


Detecting CXX [-std=c++98] compiler features compiled with the following output:
Change Dir: /uhome/home/lingege32/course/parallelProgramming/final/build/CMakeFiles/CMakeTmp

Run Build Command:"/usr/bin/gmake" "cmTC_6b45e/fast"
/usr/bin/gmake -f CMakeFiles/cmTC_6b45e.dir/build.make CMakeFiles/cmTC_6b45e.dir/build
gmake[1]: Entering directory `/uhome/home/lingege32/course/parallelProgramming/final/build/CMakeFiles/CMakeTmp'
Building CXX object CMakeFiles/cmTC_6b45e.dir/feature_tests.cxx.o
/uhome/home/lingege32/local/gcc-7.2.0/bin/c++    -std=c++98 -o CMakeFiles/cmTC_6b45e.dir/feature_tests.cxx.o -c /uhome/home/lingege32/course/parallelProgramming/final/build/CMakeFiles/feature_tests.cxx
Linking CXX executable cmTC_6b45e
/uhome/home/lingege32/local/cmake-3.12.2/bin/cmake -E cmake_link_script CMakeFiles/cmTC_6b45e.dir/link.txt --verbose=1
/uhome/home/lingege32/local/gcc-7.2.0/bin/c++       -rdynamic CMakeFiles/cmTC_6b45e.dir/feature_tests.cxx.o  -o cmTC_6b45e 
gmake[1]: Leaving directory `/uhome/home/lingege32/course/parallelProgramming/final/build/CMakeFiles/CMakeTmp'


    Feature record: CXX_FEATURE:0cxx_aggregate_default_initializers
    Feature record: CXX_FEATURE:0cxx_alias_templates
    Feature record: CXX_FEATURE:0cxx_alignas
    Feature record: CXX_FEATURE:0cxx_alignof
    Feature record: CXX_FEATURE:0cxx_attributes
    Feature record: CXX_FEATURE:0cxx_attribute_deprecated
    Feature record: CXX_FEATURE:0cxx_auto_type
    Feature record: CXX_FEATURE:0cxx_binary_literals
    Feature record: CXX_FEATURE:0cxx_constexpr
    Feature record: CXX_FEATURE:0cxx_contextual_conversions
    Feature record: CXX_FEATURE:0cxx_decltype
    Feature record: CXX_FEATURE:0cxx_decltype_auto
    Feature record: CXX_FEATURE:0cxx_decltype_incomplete_return_types
    Feature record: CXX_FEATURE:0cxx_default_function_template_args
    Feature record: CXX_FEATURE:0cxx_defaulted_functions
    Feature record: CXX_FEATURE:0cxx_defaulted_move_initializers
    Feature record: CXX_FEATURE:0cxx_delegating_constructors
    Feature record: CXX_FEATURE:0cxx_deleted_functions
    Feature record: CXX_FEATURE:0cxx_digit_separators
    Feature record: CXX_FEATURE:0cxx_enum_forward_declarations
    Feature record: CXX_FEATURE:0cxx_explicit_conversions
    Feature record: CXX_FEATURE:0cxx_extended_friend_declarations
    Feature record: CXX_FEATURE:0cxx_extern_templates
    Feature record: CXX_FEATURE:0cxx_final
    Feature record: CXX_FEATURE:0cxx_func_identifier
    Feature record: CXX_FEATURE:0cxx_generalized_initializers
    Feature record: CXX_FEATURE:0cxx_generic_lambdas
    Feature record: CXX_FEATURE:0cxx_inheriting_constructors
    Feature record: CXX_FEATURE:0cxx_inline_namespaces
    Feature record: CXX_FEATURE:0cxx_lambdas
    Feature record: CXX_FEATURE:0cxx_lambda_init_captures
    Feature record: CXX_FEATURE:0cxx_local_type_template_args
    Feature record: CXX_FEATURE:0cxx_long_long_type
    Feature record: CXX_FEATURE:0cxx_noexcept
    Feature record: CXX_FEATURE:0cxx_nonstatic_member_init
    Feature record: CXX_FEATURE:0cxx_nullptr
    Feature record: CXX_FEATURE:0cxx_override
    Feature record: CXX_FEATURE:0cxx_range_for
    Feature record: CXX_FEATURE:0cxx_raw_string_literals
    Feature record: CXX_FEATURE:0cxx_reference_qualified_functions
    Feature record: CXX_FEATURE:0cxx_relaxed_constexpr
    Feature record: CXX_FEATURE:0cxx_return_type_deduction
    Feature record: CXX_FEATURE:0cxx_right_angle_brackets
    Feature record: CXX_FEATURE:0cxx_rvalue_references
    Feature record: CXX_FEATURE:0cxx_sizeof_member
    Feature record: CXX_FEATURE:0cxx_static_assert
    Feature record: CXX_FEATURE:0cxx_strong_enums
    Feature record: CXX_FEATURE:1cxx_template_template_parameters
    Feature record: CXX_FEATURE:0cxx_thread_local
    Feature record: CXX_FEATURE:0cxx_trailing_return_types
    Feature record: CXX_FEATURE:0cxx_unicode_literals
    Feature record: CXX_FEATURE:0cxx_uniform_initialization
    Feature record: CXX_FEATURE:0cxx_unrestricted_unions
    Feature record: CXX_FEATURE:0cxx_user_literals
    Feature record: CXX_FEATURE:0cxx_variable_templates
    Feature record: CXX_FEATURE:0cxx_variadic_macros
    Feature record: CXX_FEATURE:0cxx_variadic_templates
